Arguments: 
  C:\Program Files\nodejs\node.exe C:\Users\antoi\AppData\Roaming\npm\node_modules\yarn\bin\yarn.js dlx create-plume-react-project --template admin --projectName trading-bot-frontend

PATH: 
  C:\Program Files\Git\mingw64\bin;C:\Program Files\Git\usr\bin;C:\Users\antoi\bin;C:\Python39\Scripts;C:\Python39;C:\Program Files (x86)\Common Files\Oracle\Java\javapath;C:\Windows\system32;C:\Windows;C:\Windows\System32\Wbem;C:\Windows\System32\WindowsPowerShell\v1.0;C:\Windows\System32\OpenSSH;C:\Program Files\Git\cmd;C:\Users\antoi\AppData\Roaming\nvm;C:\Program Files\nodejs;C:\ProgramData\chocolatey\bin;C:\Program Files\dotnet;C:\Users\antoi\AppData\Local\Microsoft\WindowsApps;C:\Users\antoi\AppData\Roaming\npm;C:\Users\antoi\AppData\Roaming\nvm;C:\Program Files\nodejs

Yarn version: 
  1.22.10

Node version: 
  16.18.1

Platform: 
  win32 x64

Trace: 
  SyntaxError: C:\Users\antoi\IdeaProjects\trading-frontend\package.json: Unexpected end of JSON input
      at JSON.parse (<anonymous>)
      at C:\Users\antoi\AppData\Roaming\npm\node_modules\yarn\lib\cli.js:1625:59
      at Generator.next (<anonymous>)
      at step (C:\Users\antoi\AppData\Roaming\npm\node_modules\yarn\lib\cli.js:310:30)
      at C:\Users\antoi\AppData\Roaming\npm\node_modules\yarn\lib\cli.js:321:13

npm manifest: 
  

yarn manifest: 
  No manifest

Lockfile: 
  # THIS IS AN AUTOGENERATED FILE. DO NOT EDIT THIS FILE DIRECTLY.
  # yarn lockfile v1
